2026-02-07 12:38:10,692 - INFO = Start of program and logger
2026-02-07 12:38:10,693 - INFO = Connecting to the PostgreSQL
2026-02-07 12:38:10,907 - ERROR = Connection was wrong function missing required argument 'query' (pos 1)
2026-02-07 12:38:10,908 - INFO = Database connection closed
2026-02-07 12:40:45,971 - INFO = Start of program and logger
2026-02-07 12:40:45,972 - INFO = Connecting to the PostgreSQL
2026-02-07 12:40:46,201 - ERROR = Connection was wrong function missing required argument 'query' (pos 1)
2026-02-07 12:40:46,201 - INFO = Database connection closed
2026-02-07 12:42:09,170 - INFO = Start of program and logger
2026-02-07 12:42:09,170 - INFO = Connecting to the PostgreSQL
2026-02-07 12:42:09,279 - ERROR = Connection was wrong function missing required argument 'query' (pos 1)
2026-02-07 12:42:09,281 - INFO = Database connection closed
2026-02-07 12:43:05,131 - INFO = Start of program and logger
2026-02-07 12:43:05,132 - INFO = Connecting to the PostgreSQL
2026-02-07 12:43:05,251 - INFO = ('PostgreSQL 18.1 (Debian 18.1-1.pgdg13+2) on x86_64-pc-linux-gnu, compiled by gcc (Debian 14.2.0-19) 14.2.0, 64-bit',)
2026-02-07 12:43:05,252 - INFO = Database connection closed
2026-02-07 12:49:54,309 - INFO = Start of program and logger
2026-02-07 12:49:54,310 - INFO = Connecting to the PostgreSQL
2026-02-07 12:49:54,501 - INFO = ('PostgreSQL 18.1 (Debian 18.1-1.pgdg13+2) on x86_64-pc-linux-gnu, compiled by gcc (Debian 14.2.0-19) 14.2.0, 64-bit',)
2026-02-07 12:49:54,502 - INFO = Database connection closed
2026-02-07 18:31:59,490 - INFO = Start of program and logger
2026-02-07 18:31:59,491 - INFO = Connecting to the PostgreSQL
2026-02-07 18:32:03,609 - ERROR = Connection was wrong connection to server at "localhost" (::1), port 5432 failed: Connection refused (0x0000274D/10061)
	Is the server running on that host and accepting TCP/IP connections?
connection to server at "localhost" (127.0.0.1), port 5432 failed: Connection refused (0x0000274D/10061)
	Is the server running on that host and accepting TCP/IP connections?

2026-02-07 18:33:26,415 - INFO = Start of program and logger
2026-02-07 18:33:26,415 - INFO = Connecting to the PostgreSQL
2026-02-07 18:33:26,629 - INFO = ('PostgreSQL 18.1 (Debian 18.1-1.pgdg13+2) on x86_64-pc-linux-gnu, compiled by gcc (Debian 14.2.0-19) 14.2.0, 64-bit',)
2026-02-07 18:33:26,630 - INFO = Database connection closed
2026-02-07 18:37:08,563 - INFO = Start of program and logger
2026-02-07 18:37:08,563 - INFO = Connecting to the PostgreSQL
2026-02-07 18:37:08,685 - INFO = ('PostgreSQL 18.1 (Debian 18.1-1.pgdg13+2) on x86_64-pc-linux-gnu, compiled by gcc (Debian 14.2.0-19) 14.2.0, 64-bit',)
2026-02-07 18:37:08,685 - INFO = Database connection closed
2026-02-07 18:37:08,686 - INFO = Creating connection...
2026-02-07 18:37:15,899 - INFO = Start of program and logger
2026-02-07 18:37:15,900 - INFO = Connecting to the PostgreSQL
2026-02-07 18:37:15,977 - INFO = ('PostgreSQL 18.1 (Debian 18.1-1.pgdg13+2) on x86_64-pc-linux-gnu, compiled by gcc (Debian 14.2.0-19) 14.2.0, 64-bit',)
2026-02-07 18:37:15,977 - INFO = Database connection closed
2026-02-07 18:37:15,978 - INFO = Creating connection...
2026-02-07 18:37:16,048 - ERROR = Error while inserting member {'name': 'Julio', 'discord_name': 'blazertherazer12#0001', 'reason_to_code': 'he wants to shift energy from gaming to something blazeful'} - function takes at most 2 arguments (4 given)
2026-02-07 18:37:16,050 - ERROR = Error while inserting member {'name': 'oetzi', 'discord_name': 'ÖtziOfficial#5666', 'reason_to_code': 'he wants to be the best fortnite player'} - function takes at most 2 arguments (4 given)
2026-02-07 18:37:16,051 - ERROR = Error while inserting member {'name': '10act', 'discord_name': '10act#9342', 'reason_to_code': 'he wants to trash talk others and to be a trader'} - function takes at most 2 arguments (4 given)
2026-02-07 18:37:16,051 - ERROR = Error while inserting member {'name': 'Mvx', 'discord_name': 'mvxxvII#4359', 'reason_to_code': 'he wants to get the latest gadgets and custom keyboards'} - function takes at most 2 arguments (4 given)
2026-02-07 18:37:16,052 - ERROR = Error while inserting member {'name': 'Jonny', 'discord_name': 'Jonney#7007', 'reason_to_code': 'he to work at the beach in Vietnam'} - function takes at most 2 arguments (4 given)
2026-02-07 18:39:01,242 - INFO = Start of program and logger
2026-02-07 18:39:01,242 - INFO = Connecting to the PostgreSQL
2026-02-07 18:39:01,341 - INFO = ('PostgreSQL 18.1 (Debian 18.1-1.pgdg13+2) on x86_64-pc-linux-gnu, compiled by gcc (Debian 14.2.0-19) 14.2.0, 64-bit',)
2026-02-07 18:39:01,342 - INFO = Database connection closed
2026-02-07 18:39:01,343 - INFO = Creating connection...
2026-02-07 18:39:01,392 - ERROR = Error while inserting member {'name': 'Julio', 'discord_name': 'blazertherazer12#0001', 'reason_to_code': 'he wants to shift energy from gaming to something blazeful'} - syntax error at or near "INSERTO"
LINE 2:     INSERTO INTO MEMBER(name, discord_id, motivation_member)
            ^

2026-02-07 18:39:01,394 - ERROR = Error while inserting member {'name': 'oetzi', 'discord_name': 'ÖtziOfficial#5666', 'reason_to_code': 'he wants to be the best fortnite player'} - syntax error at or near "INSERTO"
LINE 2:     INSERTO INTO MEMBER(name, discord_id, motivation_member)
            ^

2026-02-07 18:39:01,395 - ERROR = Error while inserting member {'name': '10act', 'discord_name': '10act#9342', 'reason_to_code': 'he wants to trash talk others and to be a trader'} - syntax error at or near "INSERTO"
LINE 2:     INSERTO INTO MEMBER(name, discord_id, motivation_member)
            ^

2026-02-07 18:39:01,397 - ERROR = Error while inserting member {'name': 'Mvx', 'discord_name': 'mvxxvII#4359', 'reason_to_code': 'he wants to get the latest gadgets and custom keyboards'} - syntax error at or near "INSERTO"
LINE 2:     INSERTO INTO MEMBER(name, discord_id, motivation_member)
            ^

2026-02-07 18:39:01,398 - ERROR = Error while inserting member {'name': 'Jonny', 'discord_name': 'Jonney#7007', 'reason_to_code': 'he to work at the beach in Vietnam'} - syntax error at or near "INSERTO"
LINE 2:     INSERTO INTO MEMBER(name, discord_id, motivation_member)
            ^

2026-02-07 18:39:10,817 - INFO = Start of program and logger
2026-02-07 18:39:10,818 - INFO = Connecting to the PostgreSQL
2026-02-07 18:39:10,882 - INFO = ('PostgreSQL 18.1 (Debian 18.1-1.pgdg13+2) on x86_64-pc-linux-gnu, compiled by gcc (Debian 14.2.0-19) 14.2.0, 64-bit',)
2026-02-07 18:39:10,882 - INFO = Database connection closed
2026-02-07 18:39:10,883 - INFO = Creating connection...
2026-02-07 18:39:10,935 - ERROR = Error while inserting member {'name': 'Julio', 'discord_name': 'blazertherazer12#0001', 'reason_to_code': 'he wants to shift energy from gaming to something blazeful'} - relation "member" does not exist
LINE 2:     INSERT INTO MEMBER(name, discord_id, motivation_member)
                        ^

2026-02-07 18:39:10,936 - ERROR = Error while inserting member {'name': 'oetzi', 'discord_name': 'ÖtziOfficial#5666', 'reason_to_code': 'he wants to be the best fortnite player'} - relation "member" does not exist
LINE 2:     INSERT INTO MEMBER(name, discord_id, motivation_member)
                        ^

2026-02-07 18:39:10,937 - ERROR = Error while inserting member {'name': '10act', 'discord_name': '10act#9342', 'reason_to_code': 'he wants to trash talk others and to be a trader'} - relation "member" does not exist
LINE 2:     INSERT INTO MEMBER(name, discord_id, motivation_member)
                        ^

2026-02-07 18:39:10,943 - ERROR = Error while inserting member {'name': 'Mvx', 'discord_name': 'mvxxvII#4359', 'reason_to_code': 'he wants to get the latest gadgets and custom keyboards'} - relation "member" does not exist
LINE 2:     INSERT INTO MEMBER(name, discord_id, motivation_member)
                        ^

2026-02-07 18:39:10,944 - ERROR = Error while inserting member {'name': 'Jonny', 'discord_name': 'Jonney#7007', 'reason_to_code': 'he to work at the beach in Vietnam'} - relation "member" does not exist
LINE 2:     INSERT INTO MEMBER(name, discord_id, motivation_member)
                        ^

2026-02-07 18:39:48,452 - INFO = Start of program and logger
2026-02-07 18:39:48,452 - INFO = Connecting to the PostgreSQL
2026-02-07 18:39:48,529 - INFO = ('PostgreSQL 18.1 (Debian 18.1-1.pgdg13+2) on x86_64-pc-linux-gnu, compiled by gcc (Debian 14.2.0-19) 14.2.0, 64-bit',)
2026-02-07 18:39:48,530 - INFO = Database connection closed
2026-02-07 18:39:48,531 - INFO = Creating connection...
2026-02-07 18:39:48,615 - ERROR = Error while inserting member {'name': 'Julio', 'discord_name': 'blazertherazer12#0001', 'reason_to_code': 'he wants to shift energy from gaming to something blazeful'} - column "motivation_member" of relation "members" does not exist
LINE 2:     INSERT INTO MEMBERS(name, discord_id, motivation_member)
                                                  ^

2026-02-07 18:39:48,617 - ERROR = Error while inserting member {'name': 'oetzi', 'discord_name': 'ÖtziOfficial#5666', 'reason_to_code': 'he wants to be the best fortnite player'} - column "motivation_member" of relation "members" does not exist
LINE 2:     INSERT INTO MEMBERS(name, discord_id, motivation_member)
                                                  ^

2026-02-07 18:39:48,619 - ERROR = Error while inserting member {'name': '10act', 'discord_name': '10act#9342', 'reason_to_code': 'he wants to trash talk others and to be a trader'} - column "motivation_member" of relation "members" does not exist
LINE 2:     INSERT INTO MEMBERS(name, discord_id, motivation_member)
                                                  ^

2026-02-07 18:39:48,620 - ERROR = Error while inserting member {'name': 'Mvx', 'discord_name': 'mvxxvII#4359', 'reason_to_code': 'he wants to get the latest gadgets and custom keyboards'} - column "motivation_member" of relation "members" does not exist
LINE 2:     INSERT INTO MEMBERS(name, discord_id, motivation_member)
                                                  ^

2026-02-07 18:39:48,626 - ERROR = Error while inserting member {'name': 'Jonny', 'discord_name': 'Jonney#7007', 'reason_to_code': 'he to work at the beach in Vietnam'} - column "motivation_member" of relation "members" does not exist
LINE 2:     INSERT INTO MEMBERS(name, discord_id, motivation_member)
                                                  ^

2026-02-07 18:40:43,847 - INFO = Start of program and logger
2026-02-07 18:40:43,848 - INFO = Connecting to the PostgreSQL
2026-02-07 18:40:43,947 - INFO = ('PostgreSQL 18.1 (Debian 18.1-1.pgdg13+2) on x86_64-pc-linux-gnu, compiled by gcc (Debian 14.2.0-19) 14.2.0, 64-bit',)
2026-02-07 18:40:43,948 - INFO = Database connection closed
2026-02-07 18:40:43,949 - INFO = Creating connection...
2026-02-07 18:40:44,022 - ERROR = Error while inserting member {'name': 'Julio', 'discord_name': 'blazertherazer12#0001', 'reason_to_code': 'he wants to shift energy from gaming to something blazeful'} - connection already closed
2026-02-07 18:40:44,023 - ERROR = Error while inserting member {'name': 'oetzi', 'discord_name': 'ÖtziOfficial#5666', 'reason_to_code': 'he wants to be the best fortnite player'} - connection already closed
2026-02-07 18:40:44,023 - ERROR = Error while inserting member {'name': '10act', 'discord_name': '10act#9342', 'reason_to_code': 'he wants to trash talk others and to be a trader'} - connection already closed
2026-02-07 18:40:44,023 - ERROR = Error while inserting member {'name': 'Mvx', 'discord_name': 'mvxxvII#4359', 'reason_to_code': 'he wants to get the latest gadgets and custom keyboards'} - connection already closed
2026-02-07 18:40:44,024 - ERROR = Error while inserting member {'name': 'Jonny', 'discord_name': 'Jonney#7007', 'reason_to_code': 'he to work at the beach in Vietnam'} - connection already closed
2026-02-07 18:42:09,396 - INFO = Start of program and logger
2026-02-07 18:42:09,397 - INFO = Connecting to the PostgreSQL
2026-02-07 18:42:09,491 - INFO = ('PostgreSQL 18.1 (Debian 18.1-1.pgdg13+2) on x86_64-pc-linux-gnu, compiled by gcc (Debian 14.2.0-19) 14.2.0, 64-bit',)
2026-02-07 18:42:09,492 - INFO = Database connection closed
2026-02-07 18:42:09,493 - INFO = Creating connection...
2026-02-07 18:42:09,576 - ERROR = Error while inserting member {'name': 'Julio', 'discord_name': 'blazertherazer12#0001', 'reason_to_code': 'he wants to shift energy from gaming to something blazeful'} - column "motivation_member" of relation "members" does not exist
LINE 2:     INSERT INTO MEMBERS(name, discord_id, motivation_member)
                                                  ^

2026-02-07 18:42:09,577 - ERROR = Error while inserting member {'name': 'oetzi', 'discord_name': 'ÖtziOfficial#5666', 'reason_to_code': 'he wants to be the best fortnite player'} - column "motivation_member" of relation "members" does not exist
LINE 2:     INSERT INTO MEMBERS(name, discord_id, motivation_member)
                                                  ^

2026-02-07 18:42:09,578 - ERROR = Error while inserting member {'name': '10act', 'discord_name': '10act#9342', 'reason_to_code': 'he wants to trash talk others and to be a trader'} - column "motivation_member" of relation "members" does not exist
LINE 2:     INSERT INTO MEMBERS(name, discord_id, motivation_member)
                                                  ^

2026-02-07 18:42:09,579 - ERROR = Error while inserting member {'name': 'Mvx', 'discord_name': 'mvxxvII#4359', 'reason_to_code': 'he wants to get the latest gadgets and custom keyboards'} - column "motivation_member" of relation "members" does not exist
LINE 2:     INSERT INTO MEMBERS(name, discord_id, motivation_member)
                                                  ^

2026-02-07 18:42:09,581 - ERROR = Error while inserting member {'name': 'Jonny', 'discord_name': 'Jonney#7007', 'reason_to_code': 'he to work at the beach in Vietnam'} - column "motivation_member" of relation "members" does not exist
LINE 2:     INSERT INTO MEMBERS(name, discord_id, motivation_member)
                                                  ^

2026-02-07 18:43:30,926 - INFO = Start of program and logger
2026-02-07 18:43:30,926 - INFO = Connecting to the PostgreSQL
2026-02-07 18:43:31,021 - INFO = ('PostgreSQL 18.1 (Debian 18.1-1.pgdg13+2) on x86_64-pc-linux-gnu, compiled by gcc (Debian 14.2.0-19) 14.2.0, 64-bit',)
2026-02-07 18:43:31,022 - INFO = Database connection closed
2026-02-07 18:43:31,023 - INFO = Creating connection...
2026-02-07 18:44:42,790 - INFO = Start of program and logger
2026-02-07 18:44:42,790 - INFO = Connecting to the PostgreSQL
2026-02-07 18:44:42,882 - INFO = ('PostgreSQL 18.1 (Debian 18.1-1.pgdg13+2) on x86_64-pc-linux-gnu, compiled by gcc (Debian 14.2.0-19) 14.2.0, 64-bit',)
2026-02-07 18:44:42,882 - INFO = Database connection closed
2026-02-07 18:44:42,883 - INFO = Creating connection...
2026-02-07 18:44:43,011 - ERROR = Error while inserting member {'name': 'Julio', 'discord_name': 'blazertherazer12#0001', 'reason_to_code': 'he wants to shift energy from gaming to something blazeful'} - duplicate key value violates unique constraint "members_discord_id_key"
DETAIL:  Key (discord_id)=(blazertherazer12#0001) already exists.

2026-02-07 18:44:43,018 - ERROR = Error while inserting member {'name': 'oetzi', 'discord_name': 'ÖtziOfficial#5666', 'reason_to_code': 'he wants to be the best fortnite player'} - duplicate key value violates unique constraint "members_discord_id_key"
DETAIL:  Key (discord_id)=(ÖtziOfficial#5666) already exists.

2026-02-07 18:44:43,024 - ERROR = Error while inserting member {'name': '10act', 'discord_name': '10act#9342', 'reason_to_code': 'he wants to trash talk others and to be a trader'} - duplicate key value violates unique constraint "members_discord_id_key"
DETAIL:  Key (discord_id)=(10act#9342) already exists.

2026-02-07 18:44:43,028 - ERROR = Error while inserting member {'name': 'Mvx', 'discord_name': 'mvxxvII#4359', 'reason_to_code': 'he wants to get the latest gadgets and custom keyboards'} - duplicate key value violates unique constraint "members_discord_id_key"
DETAIL:  Key (discord_id)=(mvxxvII#4359) already exists.

2026-02-07 18:44:43,038 - ERROR = Error while inserting member {'name': 'Jonny', 'discord_name': 'Jonney#7007', 'reason_to_code': 'he to work at the beach in Vietnam'} - duplicate key value violates unique constraint "members_discord_id_key"
DETAIL:  Key (discord_id)=(Jonney#7007) already exists.

2026-02-07 18:48:54,247 - INFO = Start of program and logger
2026-02-07 18:48:54,248 - INFO = Connecting to the PostgreSQL
2026-02-07 18:48:54,393 - INFO = ('PostgreSQL 18.1 (Debian 18.1-1.pgdg13+2) on x86_64-pc-linux-gnu, compiled by gcc (Debian 14.2.0-19) 14.2.0, 64-bit',)
2026-02-07 18:48:54,393 - INFO = Database connection closed
2026-02-07 18:48:54,394 - INFO = Creating connection...
2026-02-12 19:48:50,103 - INFO = Start of program and logger
2026-02-12 19:48:50,104 - INFO = Connecting to the PostgreSQL
2026-02-12 19:48:50,335 - INFO = ('PostgreSQL 18.1 (Debian 18.1-1.pgdg13+2) on x86_64-pc-linux-gnu, compiled by gcc (Debian 14.2.0-19) 14.2.0, 64-bit',)
2026-02-12 19:48:50,335 - INFO = Database connection closed
2026-02-12 19:48:50,336 - INFO = Creating connection...
2026-02-12 19:48:50,617 - ERROR = Error while inserting member {'name': 'Pedringo game plays', 'discord_name': 'blazertherazer12#0001', 'reason_to_code': 'he wants to be the better triathlete'} - connection already closed
2026-02-12 19:48:50,619 - ERROR = Error while inserting member {'name': 'oetzi', 'discord_name': 'ÖtziOfficial#5666', 'reason_to_code': 'he wants to be the best fortnite player'} - connection already closed
2026-02-12 19:48:50,620 - ERROR = Error while inserting member {'name': 'Tainazinha', 'discord_name': '10act#9342', 'reason_to_code': 'he wants to trash talk others and to be a trader'} - connection already closed
2026-02-12 19:48:50,620 - ERROR = Error while inserting member {'name': 'Mvx', 'discord_name': 'mvxxvII#4359', 'reason_to_code': 'he wants to get the latest gadgets and custom keyboards'} - connection already closed
2026-02-12 19:48:50,620 - ERROR = Error while inserting member {'name': 'Jonny', 'discord_name': 'Jonney#7007', 'reason_to_code': 'he to work at the beach in Vietnam'} - connection already closed
2026-02-12 19:48:50,621 - ERROR =  Error while alter table with query: Composed([SQL('\n    ALTER TABLE MEMBERS ADD '), Identifier('datetime_created'), SQL(' TIMESTAMP\n    ')]) - connection already closed
2026-02-12 19:48:58,467 - INFO = Start of program and logger
2026-02-12 19:48:58,468 - INFO = Connecting to the PostgreSQL
2026-02-12 19:48:58,532 - INFO = ('PostgreSQL 18.1 (Debian 18.1-1.pgdg13+2) on x86_64-pc-linux-gnu, compiled by gcc (Debian 14.2.0-19) 14.2.0, 64-bit',)
2026-02-12 19:48:58,532 - INFO = Database connection closed
2026-02-12 19:48:58,533 - INFO = Creating connection...
2026-02-12 19:48:58,582 - ERROR =  Error while alter table with query: Composed([SQL('\n    ALTER TABLE MEMBERS ADD '), Identifier('datetime_created'), SQL(' TIMESTAMP\n    ')]) - connection already closed
2026-02-12 19:49:19,521 - INFO = Start of program and logger
2026-02-12 19:49:19,521 - INFO = Connecting to the PostgreSQL
2026-02-12 19:49:19,659 - INFO = ('PostgreSQL 18.1 (Debian 18.1-1.pgdg13+2) on x86_64-pc-linux-gnu, compiled by gcc (Debian 14.2.0-19) 14.2.0, 64-bit',)
2026-02-12 19:49:19,660 - INFO = Database connection closed
2026-02-12 19:49:19,661 - INFO = Creating connection...
2026-02-12 19:49:19,725 - ERROR =  Error while alter table with query: Composed([SQL('\n    ALTER TABLE MEMBERS ADD '), Identifier('datetime_created'), SQL(' TIMESTAMP\n    ')]) - connection already closed
2026-02-12 19:51:19,821 - INFO = Start of program and logger
2026-02-12 19:51:19,822 - INFO = Connecting to the PostgreSQL
2026-02-12 19:51:19,928 - INFO = ('PostgreSQL 18.1 (Debian 18.1-1.pgdg13+2) on x86_64-pc-linux-gnu, compiled by gcc (Debian 14.2.0-19) 14.2.0, 64-bit',)
2026-02-12 19:51:19,928 - INFO = Database connection closed
2026-02-12 19:51:19,929 - INFO = Creating connection...
2026-02-12 19:55:06,565 - INFO = Start of program and logger
2026-02-12 19:55:06,565 - INFO = Connecting to the PostgreSQL
2026-02-12 19:55:06,800 - INFO = ('PostgreSQL 18.1 (Debian 18.1-1.pgdg13+2) on x86_64-pc-linux-gnu, compiled by gcc (Debian 14.2.0-19) 14.2.0, 64-bit',)
2026-02-12 19:55:06,801 - INFO = Database connection closed
2026-02-12 19:55:06,801 - INFO = Creating connection...
2026-02-12 19:55:06,881 - INFO = Creating table
2026-02-12 19:55:06,986 - INFO = Table created
2026-02-12 19:55:06,986 - INFO = Updating table
2026-02-12 19:55:06,998 - INFO = Table changed
2026-02-12 19:55:23,270 - INFO = Start of program and logger
2026-02-12 19:55:23,271 - INFO = Connecting to the PostgreSQL
2026-02-12 19:55:23,340 - INFO = ('PostgreSQL 18.1 (Debian 18.1-1.pgdg13+2) on x86_64-pc-linux-gnu, compiled by gcc (Debian 14.2.0-19) 14.2.0, 64-bit',)
2026-02-12 19:55:23,341 - INFO = Database connection closed
2026-02-12 19:55:23,341 - INFO = Creating connection...
2026-02-12 19:55:23,521 - INFO = Creating table
2026-02-12 19:55:23,524 - INFO = Table created
2026-02-12 19:55:23,525 - INFO = Updating table
2026-02-12 19:55:23,530 - ERROR =  Error while alter table with query: Composed([SQL('\n    ALTER TABLE MEMBERS ADD '), Identifier('datetime_created'), SQL(' TIMESTAMP\n    ')]) - column "datetime_created" of relation "members" already exists

2026-02-12 19:56:43,933 - INFO = Start of program and logger
2026-02-12 19:56:43,934 - INFO = Connecting to the PostgreSQL
2026-02-12 19:56:44,016 - INFO = ('PostgreSQL 18.1 (Debian 18.1-1.pgdg13+2) on x86_64-pc-linux-gnu, compiled by gcc (Debian 14.2.0-19) 14.2.0, 64-bit',)
2026-02-12 19:56:44,016 - INFO = Database connection closed
2026-02-12 19:56:44,017 - INFO = Creating connection...
2026-02-12 19:56:44,085 - INFO = Creating table
2026-02-12 19:56:44,087 - INFO = Table created
2026-02-12 19:56:44,088 - INFO = Updating table
2026-02-12 19:56:44,097 - INFO = Table changed
2026-02-12 19:56:57,316 - INFO = Start of program and logger
2026-02-12 19:56:57,316 - INFO = Connecting to the PostgreSQL
2026-02-12 19:56:57,394 - INFO = ('PostgreSQL 18.1 (Debian 18.1-1.pgdg13+2) on x86_64-pc-linux-gnu, compiled by gcc (Debian 14.2.0-19) 14.2.0, 64-bit',)
2026-02-12 19:56:57,395 - INFO = Database connection closed
2026-02-12 19:56:57,396 - INFO = Creating connection...
2026-02-12 19:56:57,449 - INFO = Creating table
2026-02-12 19:56:57,451 - INFO = Table created
2026-02-12 19:56:57,451 - INFO = Updating table
2026-02-12 19:56:57,468 - INFO = Table changed
2026-02-12 19:56:57,505 - INFO = Table dropped
